*** Starting uWSGI 2.0.19.1 (32bit) on [Mon Sep 20 12:51:05 2021] ***
compiled with version: 8.3.0 on 20 September 2021 04:37:38
os: Linux-4.19.97-v7+ #1294 SMP Thu Jan 30 13:15:58 GMT 2020
nodename: raspberrypi
machine: armv7l
clock source: unix
detected number of CPU cores: 4
current working directory: /home/pi/Documents/coding/doitimDIY
writing pidfile to /home/pi/Documents/coding/doitimDIY/uwsgi/uwsgi.pid
detected binary path: /home/pi/Documents/django/bin/uwsgi
!!! no internal routing support, rebuild with pcre support !!!
chdir() to /home/pi/Documents/coding/doitimDIY/doitim
your processes number limit is 7336
your memory page size is 4096 bytes
detected max file descriptor number: 1048576
lock engine: pthread robust mutexes
thunder lock: enabled
uwsgi socket 0 bound to UNIX address /home/pi/Documents/coding/doitimDIY/uwsgi/uwsgi.sock fd 3
Python version: 3.7.3 (default, Dec 20 2019, 18:57:59)  [GCC 8.3.0]
Python main interpreter initialized at 0x4ab670
python threads support enabled
your server socket listen backlog is limited to 100 connections
your mercy for graceful operations on workers is 60 seconds
mapped 363000 bytes (354 KB) for 4 cores
*** Operational MODE: preforking ***
ModuleNotFoundError: No module named 'web'
unable to load app 0 (mountpoint='') (callable not found or import error)
*** no app loaded. going in full dynamic mode ***
*** uWSGI is running in multiple interpreter mode ***
spawned uWSGI master process (pid: 9646)
spawned uWSGI worker 1 (pid: 9662, cores: 1)
spawned uWSGI worker 2 (pid: 9663, cores: 1)
spawned uWSGI worker 3 (pid: 9664, cores: 1)
spawned uWSGI worker 4 (pid: 9665, cores: 1)
--- no python application found, check your startup logs for errors ---
[pid: 9665|app: -1|req: -1/1] 192.168.1.14 () {46 vars in 865 bytes} [Mon Sep 20 13:04:23 2021] GET / => generated 21 bytes in 0 msecs (HTTP/1.1 500) 2 headers in 83 bytes (0 switches on core 0)
--- no python application found, check your startup logs for errors ---
[pid: 9663|app: -1|req: -1/2] 192.168.1.14 () {42 vars in 772 bytes} [Mon Sep 20 13:04:27 2021] GET / => generated 21 bytes in 0 msecs (HTTP/1.1 500) 2 headers in 83 bytes (0 switches on core 0)
--- no python application found, check your startup logs for errors ---
[pid: 9662|app: -1|req: -1/3] 192.168.1.14 () {42 vars in 772 bytes} [Mon Sep 20 13:04:57 2021] GET / => generated 21 bytes in 0 msecs (HTTP/1.1 500) 2 headers in 83 bytes (0 switches on core 0)
--- no python application found, check your startup logs for errors ---
[pid: 9664|app: -1|req: -1/4] 192.168.1.14 () {40 vars in 741 bytes} [Mon Sep 20 13:08:18 2021] GET / => generated 21 bytes in 0 msecs (HTTP/1.1 500) 2 headers in 83 bytes (0 switches on core 0)
--- no python application found, check your startup logs for errors ---
[pid: 9665|app: -1|req: -1/5] 192.168.1.14 () {42 vars in 772 bytes} [Mon Sep 20 13:08:22 2021] GET / => generated 21 bytes in 0 msecs (HTTP/1.1 500) 2 headers in 83 bytes (0 switches on core 0)
--- no python application found, check your startup logs for errors ---
[pid: 9663|app: -1|req: -1/6] 192.168.1.14 () {42 vars in 772 bytes} [Mon Sep 20 13:08:28 2021] GET / => generated 21 bytes in 0 msecs (HTTP/1.1 500) 2 headers in 83 bytes (0 switches on core 0)
--- no python application found, check your startup logs for errors ---
[pid: 9662|app: -1|req: -1/7] 192.168.1.14 () {40 vars in 741 bytes} [Mon Sep 20 13:08:41 2021] GET / => generated 21 bytes in 0 msecs (HTTP/1.1 500) 2 headers in 83 bytes (0 switches on core 0)
